o:\orbiter2016\modules\plugin\basesyncmfd.lib
o:\orbiter2016\modules\plugin\basesyncmfd.exp
o:\github\basesyncmfd\debug\vc141.pdb
o:\github\basesyncmfd\debug\sync.obj
o:\github\basesyncmfd\debug\bstools.obj
o:\github\basesyncmfd\debug\bsreference.obj
o:\github\basesyncmfd\debug\bsorbit.obj
o:\github\basesyncmfd\debug\basesyncmfd.obj
o:\orbiter2016\modules\plugin\basesyncmfd.dll
o:\github\basesyncmfd\debug\basesyncmfd.pdb
o:\github\basesyncmfd\debug\basesyncmfd.res
o:\github\basesyncmfd\debug\basesyncmfd.tlog\basesyncmfd.write.1u.tlog
o:\github\basesyncmfd\debug\basesyncmfd.tlog\cl.command.1.tlog
o:\github\basesyncmfd\debug\basesyncmfd.tlog\cl.read.1.tlog
o:\github\basesyncmfd\debug\basesyncmfd.tlog\cl.write.1.tlog
o:\github\basesyncmfd\debug\basesyncmfd.tlog\link.command.1.tlog
o:\github\basesyncmfd\debug\basesyncmfd.tlog\link.read.1.tlog
o:\github\basesyncmfd\debug\basesyncmfd.tlog\link.write.1.tlog
o:\github\basesyncmfd\debug\basesyncmfd.tlog\rc.command.1.tlog
o:\github\basesyncmfd\debug\basesyncmfd.tlog\rc.read.1.tlog
o:\github\basesyncmfd\debug\basesyncmfd.tlog\rc.write.1.tlog
