o:\orbiter\modules\plugin\basesyncmfd.lib
o:\orbiter\modules\plugin\basesyncmfd.exp
o:\github\basesyncmfd\release\vc141.pdb
o:\github\basesyncmfd\release\sync.obj
o:\github\basesyncmfd\release\bstools.obj
o:\github\basesyncmfd\release\bsreference.obj
o:\github\basesyncmfd\release\bsorbit.obj
o:\github\basesyncmfd\release\basesyncmfd.obj
o:\orbiter\modules\plugin\basesyncmfd.dll
o:\github\basesyncmfd\release\basesyncmfd.pdb
o:\github\basesyncmfd\release\basesyncmfd.res
o:\github\basesyncmfd\release\basesyncmfd.tlog\basesyncmfd.write.1u.tlog
o:\github\basesyncmfd\release\basesyncmfd.tlog\cl.command.1.tlog
o:\github\basesyncmfd\release\basesyncmfd.tlog\cl.read.1.tlog
o:\github\basesyncmfd\release\basesyncmfd.tlog\cl.write.1.tlog
o:\github\basesyncmfd\release\basesyncmfd.tlog\link.command.1.tlog
o:\github\basesyncmfd\release\basesyncmfd.tlog\link.read.1.tlog
o:\github\basesyncmfd\release\basesyncmfd.tlog\link.write.1.tlog
o:\github\basesyncmfd\release\basesyncmfd.tlog\rc.command.1.tlog
o:\github\basesyncmfd\release\basesyncmfd.tlog\rc.read.1.tlog
o:\github\basesyncmfd\release\basesyncmfd.tlog\rc.write.1.tlog
